Performing C SOURCE FILE Test CMAKE_HAVE_LIBC_PTHREAD failed with the following output:
Change Dir: /home/soya/catkin_ws/src/darknetb/build-release/CMakeFiles/CMakeTmp

Run Build Command(s):/usr/bin/make -f Makefile cmTC_bf43b/fast && /usr/bin/make  -f CMakeFiles/cmTC_bf43b.dir/build.make CMakeFiles/cmTC_bf43b.dir/build
make[1]: 디렉터리 '/home/soya/catkin_ws/src/darknetb/build-release/CMakeFiles/CMakeTmp' 들어감
Building C object CMakeFiles/cmTC_bf43b.dir/src.c.o
/usr/bin/cc -DCMAKE_HAVE_LIBC_PTHREAD   -o CMakeFiles/cmTC_bf43b.dir/src.c.o -c /home/soya/catkin_ws/src/darknetb/build-release/CMakeFiles/CMakeTmp/src.c
Linking C executable cmTC_bf43b
/usr/local/bin/cmake -E cmake_link_script CMakeFiles/cmTC_bf43b.dir/link.txt --verbose=1
/usr/bin/cc CMakeFiles/cmTC_bf43b.dir/src.c.o -o cmTC_bf43b 
CMakeFiles/cmTC_bf43b.dir/src.c.o: In function `main':
src.c:(.text+0x3c): undefined reference to `pthread_create'
src.c:(.text+0x48): undefined reference to `pthread_detach'
src.c:(.text+0x54): undefined reference to `pthread_cancel'
src.c:(.text+0x65): undefined reference to `pthread_join'
src.c:(.text+0x79): undefined reference to `pthread_atfork'
collect2: error: ld returned 1 exit status
CMakeFiles/cmTC_bf43b.dir/build.make:98: 'cmTC_bf43b' 타겟에 대한 명령이 실패했습니다
make[1]: *** [cmTC_bf43b] 오류 1
make[1]: 디렉터리 '/home/soya/catkin_ws/src/darknetb/build-release/CMakeFiles/CMakeTmp' 나감
Makefile:127: 'cmTC_bf43b/fast' 타겟에 대한 명령이 실패했습니다
make: *** [cmTC_bf43b/fast] 오류 2


Source file was:
#include <pthread.h>

static void* test_func(void* data)
{
  return data;
}

int main(void)
{
  pthread_t thread;
  pthread_create(&thread, NULL, test_func, NULL);
  pthread_detach(thread);
  pthread_cancel(thread);
  pthread_join(thread, NULL);
  pthread_atfork(NULL, NULL, NULL);
  pthread_exit(NULL);

  return 0;
}

Determining if the function pthread_create exists in the pthreads failed with the following output:
Change Dir: /home/soya/catkin_ws/src/darknetb/build-release/CMakeFiles/CMakeTmp

Run Build Command(s):/usr/bin/make -f Makefile cmTC_187a8/fast && /usr/bin/make  -f CMakeFiles/cmTC_187a8.dir/build.make CMakeFiles/cmTC_187a8.dir/build
make[1]: 디렉터리 '/home/soya/catkin_ws/src/darknetb/build-release/CMakeFiles/CMakeTmp' 들어감
Building C object CMakeFiles/cmTC_187a8.dir/CheckFunctionExists.c.o
/usr/bin/cc   -DCHECK_FUNCTION_EXISTS=pthread_create -o CMakeFiles/cmTC_187a8.dir/CheckFunctionExists.c.o -c /usr/local/share/cmake-3.21/Modules/CheckFunctionExists.c
Linking C executable cmTC_187a8
/usr/local/bin/cmake -E cmake_link_script CMakeFiles/cmTC_187a8.dir/link.txt --verbose=1
/usr/bin/cc  -DCHECK_FUNCTION_EXISTS=pthread_create CMakeFiles/cmTC_187a8.dir/CheckFunctionExists.c.o -o cmTC_187a8  -lpthreads 
/usr/bin/ld: cannot find -lpthreads
collect2: error: ld returned 1 exit status
CMakeFiles/cmTC_187a8.dir/build.make:98: 'cmTC_187a8' 타겟에 대한 명령이 실패했습니다
make[1]: *** [cmTC_187a8] 오류 1
make[1]: 디렉터리 '/home/soya/catkin_ws/src/darknetb/build-release/CMakeFiles/CMakeTmp' 나감
Makefile:127: 'cmTC_187a8/fast' 타겟에 대한 명령이 실패했습니다
make: *** [cmTC_187a8/fast] 오류 2



